8000/tcp:            27706
8001/tcp:            27691
8002/tcp:            27708
8003/tcp:            27683
8000/tcp:            26930
8001/tcp:            26940
8002/tcp:            26954
8003/tcp:            26949
8000/tcp:             6613
8001/tcp:             6611
8002/tcp:             6629
8003/tcp:             6625
8000/tcp:             6718
8001/tcp:             6702
8002/tcp:             6693
8003/tcp:             6710
8000/tcp:             9235
8001/tcp:             9234
8002/tcp:             9226
8003/tcp:             9218
8000/tcp:            12279
8001/tcp:            12256
8002/tcp:            12270
8003/tcp:            12280
